<?xml version="1.0" encoding="UTF-8"?>
<!-- Generated by org.testng.reporters.JUnitReportReporter -->
<testsuite hostname="DESKTOP-BF5Q01B" failures="0" tests="1" name="build.Google" time="2.308" errors="0" timestamp="2022-04-30T20:37:50 IST" skipped="0">
  <testcase classname="build.Google" name="run_google_webpage" time="2.308"/>
  <system-out/>
</testsuite> <!-- build.Google -->
